This file contains any messages produced by compilers while
running configure, to aid debugging if configure makes a mistake.

It was created by OpenJDK configure jdk9, which was
generated by GNU Autoconf 2.69.  Invocation command line was

  $ /Users/shelan/projects/uni-projects/virutal-execution/jdk9-hsrt/configure --enable-option-checking=fatal

## --------- ##
## Platform. ##
## --------- ##

hostname = Shelans-MBP.lan
uname -m = x86_64
uname -r = 14.3.0
uname -s = Darwin
uname -v = Darwin Kernel Version 14.3.0: Mon Mar 23 11:59:05 PDT 2015; root:xnu-2782.20.48~5/RELEASE_X86_64

/usr/bin/uname -p = i386
/bin/uname -X     = unknown

/bin/arch              = unknown
/usr/bin/arch -k       = unknown
/usr/convex/getsysinfo = unknown
/usr/bin/hostinfo      = Mach kernel version:
	 Darwin Kernel Version 14.3.0: Mon Mar 23 11:59:05 PDT 2015; root:xnu-2782.20.48~5/RELEASE_X86_64
Kernel configured for up to 8 processors.
4 processors are physically available.
8 processors are logically available.
Processor type: x86_64h (Intel x86-64h Haswell)
Processors active: 0 1 2 3 4 5 6 7
Primary memory available: 16.00 gigabytes
Default processor set: 333 tasks, 2059 threads, 8 processors
Load average: 2.38, Mach factor: 5.61
/bin/machine           = unknown
/usr/bin/oslevel       = unknown
/bin/universe          = unknown

PATH: /Library/Frameworks/Python.framework/Versions/3.4/bin
PATH: /usr/local/bin
PATH: /usr/bin
PATH: /bin
PATH: /usr/sbin
PATH: /sbin
PATH: /opt/X11/bin
PATH: /usr/local/apache-maven-3.2.3/bin
PATH: /Users/shelan/software/hadoop-2.4.0//bin
PATH: /Users/shelan/software/open-mpi//bin


## ----------- ##
## Core tests. ##
## ----------- ##

configure:4408: Configuration created at Sun May  3 23:43:20 WEST 2015.
configure:4410: configure script generated at timestamp 1430331133.
configure:4433: checking for basename
configure:4451: found /usr/bin/basename
configure:4463: result: /usr/bin/basename
configure:4684: checking for bash
configure:4714: result: /bin/bash
configure:4819: checking for cat
configure:4837: found /bin/cat
configure:4849: result: /bin/cat
configure:5012: checking for chmod
configure:5030: found /bin/chmod
configure:5042: result: /bin/chmod
configure:5205: checking for cmp
configure:5223: found /usr/bin/cmp
configure:5235: result: /usr/bin/cmp
configure:5398: checking for comm
configure:5416: found /usr/bin/comm
configure:5428: result: /usr/bin/comm
configure:5591: checking for cp
configure:5609: found /bin/cp
configure:5621: result: /bin/cp
configure:5784: checking for cut
configure:5802: found /usr/bin/cut
configure:5814: result: /usr/bin/cut
configure:5977: checking for date
configure:5995: found /bin/date
configure:6007: result: /bin/date
configure:6170: checking for gdiff
configure:6203: result: no
configure:6170: checking for diff
configure:6188: found /usr/bin/diff
configure:6200: result: /usr/bin/diff
configure:6363: checking for dirname
configure:6381: found /usr/bin/dirname
configure:6393: result: /usr/bin/dirname
configure:6556: checking for echo
configure:6574: found /bin/echo
configure:6586: result: /bin/echo
configure:6749: checking for expr
configure:6767: found /bin/expr
configure:6779: result: /bin/expr
configure:6942: checking for file
configure:6960: found /usr/bin/file
configure:6972: result: /usr/bin/file
configure:7135: checking for find
configure:7153: found /usr/bin/find
configure:7165: result: /usr/bin/find
configure:7328: checking for head
configure:7346: found /usr/bin/head
configure:7358: result: /usr/bin/head
configure:7521: checking for ln
configure:7539: found /bin/ln
configure:7551: result: /bin/ln
configure:7714: checking for ls
configure:7732: found /bin/ls
configure:7744: result: /bin/ls
configure:7907: checking for mkdir
configure:7925: found /bin/mkdir
configure:7937: result: /bin/mkdir
configure:8100: checking for mktemp
configure:8118: found /usr/bin/mktemp
configure:8130: result: /usr/bin/mktemp
configure:8293: checking for mv
configure:8311: found /bin/mv
configure:8323: result: /bin/mv
configure:8486: checking for nawk
configure:8519: result: no
configure:8486: checking for gawk
configure:8519: result: no
configure:8486: checking for awk
configure:8504: found /usr/bin/awk
configure:8516: result: /usr/bin/awk
configure:8679: checking for printf
configure:8697: found /usr/bin/printf
configure:8709: result: /usr/bin/printf
configure:8872: checking for rm
configure:8890: found /bin/rm
configure:8902: result: /bin/rm
configure:9065: checking for sh
configure:9083: found /bin/sh
configure:9095: result: /bin/sh
configure:9258: checking for sort
configure:9276: found /usr/bin/sort
configure:9288: result: /usr/bin/sort
configure:9451: checking for tail
configure:9469: found /usr/bin/tail
configure:9481: result: /usr/bin/tail
configure:9644: checking for tar
configure:9662: found /usr/bin/tar
configure:9674: result: /usr/bin/tar
configure:9837: checking for tee
configure:9855: found /usr/bin/tee
configure:9867: result: /usr/bin/tee
configure:10030: checking for touch
configure:10048: found /usr/bin/touch
configure:10060: result: /usr/bin/touch
configure:10223: checking for tr
configure:10241: found /usr/bin/tr
configure:10253: result: /usr/bin/tr
configure:10416: checking for uname
configure:10434: found /usr/bin/uname
configure:10446: result: /usr/bin/uname
configure:10609: checking for uniq
configure:10627: found /usr/bin/uniq
configure:10639: result: /usr/bin/uniq
configure:10802: checking for wc
configure:10820: found /usr/bin/wc
configure:10832: result: /usr/bin/wc
configure:10995: checking for which
configure:11013: found /usr/bin/which
configure:11025: result: /usr/bin/which
configure:11188: checking for xargs
configure:11206: found /usr/bin/xargs
configure:11218: result: /usr/bin/xargs
configure:11382: checking for gawk
configure:11412: result: no
configure:11382: checking for mawk
configure:11412: result: no
configure:11382: checking for nawk
configure:11412: result: no
configure:11382: checking for awk
configure:11398: found /usr/bin/awk
configure:11409: result: awk
configure:11563: checking for grep that handles long lines and -e
configure:11621: result: /usr/bin/grep
configure:11790: checking for egrep
configure:11852: result: /usr/bin/grep -E
configure:12025: checking for fgrep
configure:12087: result: /usr/bin/grep -F
configure:12260: checking for a sed that does not truncate output
configure:12324: result: /usr/bin/sed
configure:12512: checking for cygpath
configure:12545: result: no
configure:12698: checking for greadlink
configure:12731: result: no
configure:12698: checking for readlink
configure:12716: found /usr/bin/readlink
configure:12728: result: /usr/bin/readlink
configure:12884: checking for df
configure:12902: found /bin/df
configure:12914: result: /bin/df
configure:13070: checking for SetFile
configure:13088: found /usr/bin/SetFile
configure:13100: result: /usr/bin/SetFile
configure:13256: checking for cpio
configure:13274: found /usr/bin/cpio
configure:13286: result: /usr/bin/cpio
configure:13439: checking build system type
configure:13453: result: x86_64-apple-darwin14.3.0
configure:13473: checking host system type
configure:13486: result: x86_64-apple-darwin14.3.0
configure:13506: checking target system type
configure:13519: result: x86_64-apple-darwin14.3.0
configure:13699: checking openjdk-build os-cpu
configure:13701: result: macosx-x86_64
configure:13838: checking openjdk-target os-cpu
configure:13840: result: macosx-x86_64
configure:13890: checking compilation type
configure:13892: result: native
configure:14136: checking for top-level directory
configure:14138: result: /Users/shelan/projects/uni-projects/virutal-execution/jdk9-hsrt
configure:14468: checking for presence of closed sources
configure:14475: result: no
configure:14478: checking if closed source is suppressed (openjdk-only)
configure:14481: result: no
configure:14530: checking which variant of the JDK to build
configure:14547: result: normal
configure:14557: checking which interpreter of the JVM to build
configure:14578: result: template
configure:14595: checking which variants of the JVM to build
configure:14614: result: server
configure:14690: checking which debug level to use
configure:14714: result: release
configure:15154: checking for xcodebuild
configure:15185: result: /usr/bin/xcodebuild
configure:15201: checking for sdk name
configure:15210: result: 
configure:15277: checking for sysroot
configure:15279: result: 
configure:15281: checking for toolchain path
configure:15283: result: 
configure:15285: checking for extra path
configure:15287: result: 
configure:15303: checking where to store configuration
configure:15311: result: in default location
configure:15369: checking what configuration name to use
configure:15371: result: macosx-x86_64-normal-server-release
configure:15537: checking for apt-get
configure:15567: result: no
configure:15537: checking for yum
configure:15567: result: no
configure:15537: checking for port
configure:15567: result: no
configure:15537: checking for pkgutil
configure:15553: found /usr/sbin/pkgutil
configure:15564: result: pkgutil
configure:15932: checking for gmake
configure:15965: result: no
configure:16316: checking for make
configure:16334: found /usr/bin/make
configure:16346: result: /usr/bin/make
configure:16371: Testing potential make at /usr/bin/make, found using make in PATH
configure:17478: Using GNU make at /usr/bin/make (version: GNU Make 3.81)
configure:17483: checking if make --output-sync is supported
configure:17507: result: no
configure:17517: checking if find supports -delete
configure:17538: result: yes
configure:17559: checking for unzip
configure:17577: found /usr/bin/unzip
configure:17589: result: /usr/bin/unzip
configure:17752: checking for zip
configure:17770: found /usr/bin/zip
configure:17782: result: /usr/bin/zip
configure:17947: checking for ldd
configure:17980: result: no
configure:18139: checking for otool
configure:18157: found /usr/bin/otool
configure:18169: result: /usr/bin/otool
configure:18328: checking for greadelf
configure:18361: result: no
configure:18328: checking for readelf
configure:18361: result: no
configure:18514: checking for hg
configure:18532: found /usr/local/bin/hg
configure:18544: result: /usr/local/bin/hg
configure:18700: checking for stat
configure:18718: found /usr/bin/stat
configure:18730: result: /usr/bin/stat
configure:18886: checking for time
configure:18904: found /usr/bin/time
configure:18916: result: /usr/bin/time
configure:19083: checking for dsymutil
configure:19101: found /usr/bin/dsymutil
configure:19113: result: /usr/bin/dsymutil
configure:19276: checking for xattr
configure:19294: found /usr/bin/xattr
configure:19306: result: /usr/bin/xattr
configure:19468: checking for codesign
configure:19486: found /usr/bin/codesign
configure:19498: result: /usr/bin/codesign
configure:19645: checking if openjdk_codesign certificate is present
openjdk_codesign: no identity found
configure:19652: result: no
configure:19663: checking if bash supports pipefail
configure:19667: result: yes
configure:19674: checking if bash supports errexit (-e)
configure:19678: result: yes
configure:19738: checking for pkg-config
configure:19756: found /usr/local/bin/pkg-config
configure:19768: result: /usr/local/bin/pkg-config
configure:19793: checking pkg-config is at least version 0.9.0
configure:19796: result: yes
configure:19911: checking for 7z
configure:19941: result: no
configure:19911: checking for unzip
configure:19927: found /usr/bin/unzip
configure:19938: result: unzip
configure:19957: checking for wget
configure:19987: result: no
configure:19957: checking for lftp
configure:19987: result: no
configure:19957: checking for ftp
configure:19973: found /usr/bin/ftp
configure:19984: result: ftp
configure:20011: checking headful support
configure:20035: result: include support for both headful and headless
configure:20782: Found potential Boot JDK using /usr/libexec/java_home 
configure:20943: checking for Boot JDK
configure:20945: result: /Library/Java/JavaVirtualMachines/jdk1.8.0_40.jdk/Contents/Home
configure:20947: checking Boot JDK version
configure:20950: result: java version "1.8.0_40" Java(TM) SE Runtime Environment (build 1.8.0_40-b27) Java HotSpot(TM) 64-Bit Server VM (build 25.40-b25, mixed mode) 
configure:25557: checking for java in Boot JDK
configure:25567: result: ok
configure:25684: checking for javac in Boot JDK
configure:25694: result: ok
configure:25811: checking for javah in Boot JDK
configure:25821: result: ok
configure:25938: checking for jar in Boot JDK
configure:25948: result: ok
configure:26065: checking for native2ascii in Boot JDK
configure:26075: result: ok
configure:26192: checking for jarsigner in Boot JDK
configure:26202: result: ok
configure:26665: Xcode major version: 6
configure:26764: Using default toolchain clang (clang/LLVM)
configure:28391: checking for clang
configure:28409: found /usr/bin/clang
configure:28421: result: /usr/bin/clang
configure:28762: checking resolved symbolic links for CC
configure:28812: result: /usr/bin/clang
configure:28815: checking if CC is disguised ccache
configure:29274: result: no, keeping CC
configure:29395: Using clang C compiler version Apple LLVM version 6.1.0 (clang-602.0.49) (based on LLVM 3.6.0svn) Target: x86_64-apple-darwin14.3.0 Thread model: posix [Apple LLVM version 6.1.0 (clang-602.0.49) (based on LLVM 3.6.0svn) Target: x86_64-apple-darwin14.3.0 Thread model: posix]
configure:29512: checking for C compiler version
configure:29521: /usr/bin/clang --version >&5
Apple LLVM version 6.1.0 (clang-602.0.49) (based on LLVM 3.6.0svn)
Target: x86_64-apple-darwin14.3.0
Thread model: posix
configure:29532: $? = 0
configure:29521: /usr/bin/clang -v >&5
Apple LLVM version 6.1.0 (clang-602.0.49) (based on LLVM 3.6.0svn)
Target: x86_64-apple-darwin14.3.0
Thread model: posix
configure:29532: $? = 0
configure:29521: /usr/bin/clang -V >&5
clang: error: argument to '-V' is missing (expected 1 value)
clang: error: no input files
configure:29532: $? = 1
configure:29521: /usr/bin/clang -qversion >&5
clang: error: unknown argument: '-qversion'
clang: error: no input files
configure:29532: $? = 1
configure:29552: checking whether the C compiler works
configure:29574: /usr/bin/clang    conftest.c  >&5
configure:29578: $? = 0
configure:29626: result: yes
configure:29629: checking for C compiler default output file name
configure:29631: result: a.out
configure:29637: checking for suffix of executables
configure:29644: /usr/bin/clang -o conftest    conftest.c  >&5
configure:29648: $? = 0
configure:29670: result: 
configure:29692: checking whether we are cross compiling
configure:29700: /usr/bin/clang -o conftest    conftest.c  >&5
configure:29704: $? = 0
configure:29711: ./conftest
configure:29715: $? = 0
configure:29730: result: no
configure:29735: checking for suffix of object files
configure:29757: /usr/bin/clang -c   conftest.c >&5
configure:29761: $? = 0
configure:29782: result: o
configure:29786: checking whether we are using the GNU C compiler
configure:29805: /usr/bin/clang -c   conftest.c >&5
configure:29805: $? = 0
configure:29814: result: yes
configure:29823: checking whether /usr/bin/clang accepts -g
configure:29843: /usr/bin/clang -c -g  conftest.c >&5
configure:29843: $? = 0
configure:29884: result: yes
configure:29901: checking for /usr/bin/clang option to accept ISO C89
configure:29964: /usr/bin/clang  -c -g -O2  conftest.c >&5
configure:29964: $? = 0
configure:29977: result: none needed
configure:30139: checking for clang++
configure:30157: found /usr/bin/clang++
configure:30169: result: /usr/bin/clang++
configure:30510: checking resolved symbolic links for CXX
configure:30560: result: /usr/bin/clang++
configure:30563: checking if CXX is disguised ccache
configure:31022: result: no, keeping CXX
configure:31143: Using clang C++ compiler version Apple LLVM version 6.1.0 (clang-602.0.49) (based on LLVM 3.6.0svn) Target: x86_64-apple-darwin14.3.0 Thread model: posix [Apple LLVM version 6.1.0 (clang-602.0.49) (based on LLVM 3.6.0svn) Target: x86_64-apple-darwin14.3.0 Thread model: posix]
configure:31260: checking for C++ compiler version
configure:31269: /usr/bin/clang++ --version >&5
Apple LLVM version 6.1.0 (clang-602.0.49) (based on LLVM 3.6.0svn)
Target: x86_64-apple-darwin14.3.0
Thread model: posix
configure:31280: $? = 0
configure:31269: /usr/bin/clang++ -v >&5
Apple LLVM version 6.1.0 (clang-602.0.49) (based on LLVM 3.6.0svn)
Target: x86_64-apple-darwin14.3.0
Thread model: posix
configure:31280: $? = 0
configure:31269: /usr/bin/clang++ -V >&5
clang: error: argument to '-V' is missing (expected 1 value)
clang: error: no input files
configure:31280: $? = 1
configure:31269: /usr/bin/clang++ -qversion >&5
clang: error: unknown argument: '-qversion'
clang: error: no input files
configure:31280: $? = 1
configure:31284: checking whether we are using the GNU C++ compiler
configure:31303: /usr/bin/clang++ -c   conftest.cpp >&5
configure:31303: $? = 0
configure:31312: result: yes
configure:31321: checking whether /usr/bin/clang++ accepts -g
configure:31341: /usr/bin/clang++ -c -g  conftest.cpp >&5
configure:31341: $? = 0
configure:31382: result: yes
configure:31414: checking how to run the C preprocessor
configure:31445: /usr/bin/clang -E  conftest.c
configure:31445: $? = 0
configure:31459: /usr/bin/clang -E  conftest.c
conftest.c:9:10: fatal error: 'ac_nonexistent.h' file not found
#include <ac_nonexistent.h>
         ^
1 error generated.
configure:31459: $? = 1
configure: failed program was:
| /* confdefs.h */
| #define PACKAGE_NAME "OpenJDK"
| #define PACKAGE_TARNAME "openjdk"
| #define PACKAGE_VERSION "jdk9"
| #define PACKAGE_STRING "OpenJDK jdk9"
| #define PACKAGE_BUGREPORT "build-dev@openjdk.java.net"
| #define PACKAGE_URL "http://openjdk.java.net"
| /* end confdefs.h.  */
| #include <ac_nonexistent.h>
configure:31484: result: /usr/bin/clang -E
configure:31504: /usr/bin/clang -E  conftest.c
configure:31504: $? = 0
configure:31518: /usr/bin/clang -E  conftest.c
conftest.c:9:10: fatal error: 'ac_nonexistent.h' file not found
#include <ac_nonexistent.h>
         ^
1 error generated.
configure:31518: $? = 1
configure: failed program was:
| /* confdefs.h */
| #define PACKAGE_NAME "OpenJDK"
| #define PACKAGE_TARNAME "openjdk"
| #define PACKAGE_VERSION "jdk9"
| #define PACKAGE_STRING "OpenJDK jdk9"
| #define PACKAGE_BUGREPORT "build-dev@openjdk.java.net"
| #define PACKAGE_URL "http://openjdk.java.net"
| /* end confdefs.h.  */
| #include <ac_nonexistent.h>
configure:31837: checking how to run the C++ preprocessor
configure:31864: /usr/bin/clang++ -E  conftest.cpp
configure:31864: $? = 0
configure:31878: /usr/bin/clang++ -E  conftest.cpp
conftest.cpp:9:10: fatal error: 'ac_nonexistent.h' file not found
#include <ac_nonexistent.h>
         ^
1 error generated.
configure:31878: $? = 1
configure: failed program was:
| /* confdefs.h */
| #define PACKAGE_NAME "OpenJDK"
| #define PACKAGE_TARNAME "openjdk"
| #define PACKAGE_VERSION "jdk9"
| #define PACKAGE_STRING "OpenJDK jdk9"
| #define PACKAGE_BUGREPORT "build-dev@openjdk.java.net"
| #define PACKAGE_URL "http://openjdk.java.net"
| /* end confdefs.h.  */
| #include <ac_nonexistent.h>
configure:31903: result: /usr/bin/clang++ -E
configure:31923: /usr/bin/clang++ -E  conftest.cpp
configure:31923: $? = 0
configure:31937: /usr/bin/clang++ -E  conftest.cpp
conftest.cpp:9:10: fatal error: 'ac_nonexistent.h' file not found
#include <ac_nonexistent.h>
         ^
1 error generated.
configure:31937: $? = 1
configure: failed program was:
| /* confdefs.h */
| #define PACKAGE_NAME "OpenJDK"
| #define PACKAGE_TARNAME "openjdk"
| #define PACKAGE_VERSION "jdk9"
| #define PACKAGE_STRING "OpenJDK jdk9"
| #define PACKAGE_BUGREPORT "build-dev@openjdk.java.net"
| #define PACKAGE_URL "http://openjdk.java.net"
| /* end confdefs.h.  */
| #include <ac_nonexistent.h>
configure:33203: checking for ar
configure:33219: found /usr/bin/ar
configure:33230: result: ar
configure:33725: Rewriting AR to "/usr/bin/ar"
configure:33744: checking for lipo
configure:33762: found /usr/bin/lipo
configure:33774: result: /usr/bin/lipo
configure:37206: checking for strip
configure:37222: found /usr/bin/strip
configure:37233: result: strip
configure:37727: Rewriting STRIP to "/usr/bin/strip"
configure:37788: checking for nm
configure:37804: found /usr/bin/nm
configure:37815: result: nm
configure:38309: Rewriting NM to "/usr/bin/nm"
configure:38964: checking for gobjdump
configure:38994: result: no
configure:38964: checking for objdump
configure:38994: result: no
configure:41240: checking for jtreg
configure:41242: result: no
configure:41733: checking for ANSI C header files
configure:41753: /usr/bin/clang++ -c   conftest.cpp >&5
configure:41753: $? = 0
configure:41826: /usr/bin/clang++ -o conftest    conftest.cpp  >&5
configure:41826: $? = 0
configure:41826: ./conftest
configure:41826: $? = 0
configure:41837: result: yes
configure:41850: checking for sys/types.h
configure:41850: /usr/bin/clang++ -c   conftest.cpp >&5
configure:41850: $? = 0
configure:41850: result: yes
configure:41850: checking for sys/stat.h
configure:41850: /usr/bin/clang++ -c   conftest.cpp >&5
configure:41850: $? = 0
configure:41850: result: yes
configure:41850: checking for stdlib.h
configure:41850: /usr/bin/clang++ -c   conftest.cpp >&5
configure:41850: $? = 0
configure:41850: result: yes
configure:41850: checking for string.h
configure:41850: /usr/bin/clang++ -c   conftest.cpp >&5
configure:41850: $? = 0
configure:41850: result: yes
configure:41850: checking for memory.h
configure:41850: /usr/bin/clang++ -c   conftest.cpp >&5
configure:41850: $? = 0
configure:41850: result: yes
configure:41850: checking for strings.h
configure:41850: /usr/bin/clang++ -c   conftest.cpp >&5
configure:41850: $? = 0
configure:41850: result: yes
configure:41850: checking for inttypes.h
configure:41850: /usr/bin/clang++ -c   conftest.cpp >&5
configure:41850: $? = 0
configure:41850: result: yes
configure:41850: checking for stdint.h
configure:41850: /usr/bin/clang++ -c   conftest.cpp >&5
configure:41850: $? = 0
configure:41850: result: yes
configure:41850: checking for unistd.h
configure:41850: /usr/bin/clang++ -c   conftest.cpp >&5
configure:41850: $? = 0
configure:41850: result: yes
configure:41916: checking stdio.h usability
configure:41916: /usr/bin/clang++ -c   conftest.cpp >&5
configure:41916: $? = 0
configure:41916: result: yes
configure:41916: checking stdio.h presence
configure:41916: /usr/bin/clang++ -E  conftest.cpp
configure:41916: $? = 0
configure:41916: result: yes
configure:41916: checking for stdio.h
configure:41916: result: yes
configure:41944: checking size of int *
configure:41949: /usr/bin/clang++ -o conftest    conftest.cpp  >&5
configure:41949: $? = 0
configure:41949: ./conftest
configure:41949: $? = 0
configure:41963: result: 8
configure:42056: checking for target address size
configure:42058: result: 64 bits
configure:42066: checking whether byte ordering is bigendian
configure:42081: /usr/bin/clang++ -c   conftest.cpp >&5
configure:42081: $? = 0
configure:42126: /usr/bin/clang++ -c   conftest.cpp >&5
configure:42126: $? = 0
configure:42144: /usr/bin/clang++ -c   conftest.cpp >&5
conftest.cpp:28:8: error: use of undeclared identifier 'big'
                 not big endian
                     ^
1 error generated.
configure:42144: $? = 1
configure: failed program was:
| /* confdefs.h */
| #define PACKAGE_NAME "OpenJDK"
| #define PACKAGE_TARNAME "openjdk"
| #define PACKAGE_VERSION "jdk9"
| #define PACKAGE_STRING "OpenJDK jdk9"
| #define PACKAGE_BUGREPORT "build-dev@openjdk.java.net"
| #define PACKAGE_URL "http://openjdk.java.net"
| #define STDC_HEADERS 1
| #define HAVE_SYS_TYPES_H 1
| #define HAVE_SYS_STAT_H 1
| #define HAVE_STDLIB_H 1
| #define HAVE_STRING_H 1
| #define HAVE_MEMORY_H 1
| #define HAVE_STRINGS_H 1
| #define HAVE_INTTYPES_H 1
| #define HAVE_STDINT_H 1
| #define HAVE_UNISTD_H 1
| #define HAVE_STDIO_H 1
| #define SIZEOF_INT_P 8
| /* end confdefs.h.  */
| #include <sys/types.h>
| 		#include <sys/param.h>
| 
| int
| main ()
| {
| #if BYTE_ORDER != BIG_ENDIAN
| 		 not big endian
| 		#endif
| 
|   ;
|   return 0;
| }
configure:42272: result: no
configure:42953: checking if compiler supports "-m64"
configure:42969: /usr/bin/clang -c  -m64  conftest.c >&5
configure:42969: $? = 0
configure:42995: /usr/bin/clang++ -c  -m64  conftest.cpp >&5
configure:42995: $? = 0
configure:43009: result: yes
configure:43022: checking if compiler supports "-m64"
configure:43038: /usr/bin/clang -c  -m64  conftest.c >&5
configure:43038: $? = 0
configure:43064: /usr/bin/clang++ -c  -m64  conftest.cpp >&5
configure:43064: $? = 0
configure:43078: result: yes
configure:43193: checking if we should generate debug symbols
configure:43218: result: true
configure:43224: checking if we should zip debug-info files
configure:43233: result: yes
configure:43415: checking what is not needed on MacOSX?
configure:43420: result: alsa pulse x11
configure:44505: checking cups/cups.h usability
configure:44505: /usr/bin/clang++ -c   conftest.cpp >&5
configure:44505: $? = 0
configure:44505: result: yes
configure:44505: checking cups/cups.h presence
configure:44505: /usr/bin/clang++ -E  conftest.cpp
configure:44505: $? = 0
configure:44505: result: yes
configure:44505: checking for cups/cups.h
configure:44505: result: yes
configure:44505: checking cups/ppd.h usability
configure:44505: /usr/bin/clang++ -c   conftest.cpp >&5
configure:44505: $? = 0
configure:44505: result: yes
configure:44505: checking cups/ppd.h presence
configure:44505: /usr/bin/clang++ -E  conftest.cpp
configure:44505: $? = 0
configure:44505: result: yes
configure:44505: checking for cups/ppd.h
configure:44505: result: yes
configure:45631: checking for FREETYPE
configure:45638: $PKG_CONFIG --exists --print-errors "freetype2"
Package freetype2 was not found in the pkg-config search path.
Perhaps you should add the directory containing `freetype2.pc'
to the PKG_CONFIG_PATH environment variable
No package 'freetype2' found
configure:45641: $? = 1
configure:45654: $PKG_CONFIG --exists --print-errors "freetype2"
Package freetype2 was not found in the pkg-config search path.
Perhaps you should add the directory containing `freetype2.pc'
to the PKG_CONFIG_PATH environment variable
No package 'freetype2' found
configure:45657: $? = 1
No package 'freetype2' found
configure:45684: result: no
configure:46743: Found freetype include files at /usr/X11/include/freetype2 using well-known location
configure:47036: checking for freetype includes
configure:47038: result: /usr/X11/include/freetype2
configure:47041: checking for freetype libraries
configure:47043: result: /usr/X11/lib
configure:48665: checking if we can compile and link with freetype
configure:48690:  /usr/bin/clang++ -o conftest  -I/usr/X11/include/freetype2   conftest.cpp  -L/usr/X11/lib -lfreetype >&5
configure:48690: $? = 0
configure:48692: result: yes
configure:48751: checking if we should bundle freetype
configure:48756: result: no
configure:49109: checking for which libjpeg to use
configure:49122: result: bundled
configure:49204: checking for which giflib to use
configure:49217: result: bundled
configure:49297: checking for which lcms to use
configure:49311: result: bundled
configure:49407: checking for which libpng to use
configure:49422: result: bundled
configure:49518: checking for compress in -lz
configure:49543: /usr/bin/clang++ -o conftest  -I/usr/X11/include/freetype2   conftest.cpp -lz   >&5
configure:49543: $? = 0
configure:49552: result: yes
configure:49561: checking for which zlib to use
configure:49593: result: system
configure:49627: /usr/bin/clang++ -o conftest  -I/usr/X11/include/freetype2   conftest.cpp  >&5
conftest.cpp:27:13: error: use of undeclared identifier 'altzone'
return (int)altzone;
            ^
1 error generated.
configure:49627: $? = 1
configure: failed program was:
| /* confdefs.h */
| #define PACKAGE_NAME "OpenJDK"
| #define PACKAGE_TARNAME "openjdk"
| #define PACKAGE_VERSION "jdk9"
| #define PACKAGE_STRING "OpenJDK jdk9"
| #define PACKAGE_BUGREPORT "build-dev@openjdk.java.net"
| #define PACKAGE_URL "http://openjdk.java.net"
| #define STDC_HEADERS 1
| #define HAVE_SYS_TYPES_H 1
| #define HAVE_SYS_STAT_H 1
| #define HAVE_STDLIB_H 1
| #define HAVE_STRING_H 1
| #define HAVE_MEMORY_H 1
| #define HAVE_STRINGS_H 1
| #define HAVE_INTTYPES_H 1
| #define HAVE_STDINT_H 1
| #define HAVE_UNISTD_H 1
| #define HAVE_STDIO_H 1
| #define SIZEOF_INT_P 8
| #define HAVE_CUPS_CUPS_H 1
| #define HAVE_CUPS_PPD_H 1
| /* end confdefs.h.  */
| #include <time.h>
| int
| main ()
| {
| return (int)altzone;
|   ;
|   return 0;
| }
configure:49645: checking for cos in -lm
configure:49670: /usr/bin/clang++ -o conftest  -I/usr/X11/include/freetype2   conftest.cpp -lm   >&5
configure:49670: $? = 0
configure:49679: result: yes
configure:49704: checking for dlopen in -ldl
configure:49729: /usr/bin/clang++ -o conftest  -I/usr/X11/include/freetype2   conftest.cpp -ldl   >&5
configure:49729: $? = 0
configure:49738: result: yes
configure:52740: checking if elliptic curve crypto implementation is present
configure:52745: result: yes
configure:52774: checking for number of cores
configure:52801: result: 4
configure:52826: checking for memory size
configure:52854: result: 16384 MB
configure:52879: checking for appropriate number of jobs to run in parallel
configure:52900: result: 4
configure:52922: checking flags for boot jdk java command 
Check if jvm arg is ok: -XX:-PrintVMOptions -XX:-UnlockDiagnosticVMOptions -XX:-LogVMOutput
Command: /Library/Java/JavaVirtualMachines/jdk1.8.0_40.jdk/Contents/Home/bin/java -XX:-PrintVMOptions -XX:-UnlockDiagnosticVMOptions -XX:-LogVMOutput -version
Arg failed:
Error: VM option 'LogVMOutput' is diagnostic and must be enabled via -XX:+UnlockDiagnosticVMOptions.
Error: Could not create the Java Virtual Machine.
Error: A fatal exception has occurred. Program will exit.
Check if jvm arg is ok: 
Command: /Library/Java/JavaVirtualMachines/jdk1.8.0_40.jdk/Contents/Home/bin/java  -version
configure:52959: result:  
configure:52967: checking flags for boot jdk java command for big workloads
Check if jvm arg is ok: -Xms64M
Command: /Library/Java/JavaVirtualMachines/jdk1.8.0_40.jdk/Contents/Home/bin/java -Xms64M -version
Check if jvm arg is ok: -Xmx1600M
Command: /Library/Java/JavaVirtualMachines/jdk1.8.0_40.jdk/Contents/Home/bin/java -Xmx1600M -version
Check if jvm arg is ok: -XX:ThreadStackSize=1536
Command: /Library/Java/JavaVirtualMachines/jdk1.8.0_40.jdk/Contents/Home/bin/java -XX:ThreadStackSize=1536 -version
configure:53040: result:  -Xms64M -Xmx1600M -XX:ThreadStackSize=1536
configure:53047: checking flags for boot jdk java command for small workloads
Check if jvm arg is ok: -XX:+UseSerialGC
Command: /Library/Java/JavaVirtualMachines/jdk1.8.0_40.jdk/Contents/Home/bin/java -XX:+UseSerialGC -version
Check if jvm arg is ok: -Xms32M
Command: /Library/Java/JavaVirtualMachines/jdk1.8.0_40.jdk/Contents/Home/bin/java -Xms32M -version
Check if jvm arg is ok: -Xmx512M
Command: /Library/Java/JavaVirtualMachines/jdk1.8.0_40.jdk/Contents/Home/bin/java -Xmx512M -version
configure:53097: result:  -XX:+UseSerialGC -Xms32M -Xmx512M
Check if jvm arg is ok: -d64
Command: /Library/Java/JavaVirtualMachines/jdk1.8.0_40.jdk/Contents/Home/bin/java -d64 -version
Check if jvm arg is ok: -Xms512M -Xmx2048M
Command: /Library/Java/JavaVirtualMachines/jdk1.8.0_40.jdk/Contents/Home/bin/java -Xms512M -Xmx2048M -version
configure:53198: checking whether to use sjavac
configure:53200: result: no
configure:53257: checking is ccache enabled
configure:53474: result: no
configure:53583: checking if build directory is on local disk
configure:53609: result: yes
configure:53784: creating /Users/shelan/projects/uni-projects/virutal-execution/jdk9-hsrt/build/macosx-x86_64-normal-server-release/configure-support/config.status

## ---------------------- ##
## Running config.status. ##
## ---------------------- ##

This file was extended by OpenJDK config.status jdk9, which was
generated by GNU Autoconf 2.69.  Invocation command line was

  CONFIG_FILES    = 
  CONFIG_HEADERS  = 
  CONFIG_LINKS    = 
  CONFIG_COMMANDS = 
  $ /Users/shelan/projects/uni-projects/virutal-execution/jdk9-hsrt/build/macosx-x86_64-normal-server-release/configure-support/config.status 

on Shelans-MBP.lan

config.status:1119: creating /Users/shelan/projects/uni-projects/virutal-execution/jdk9-hsrt/build/macosx-x86_64-normal-server-release/spec.gmk
config.status:1119: creating /Users/shelan/projects/uni-projects/virutal-execution/jdk9-hsrt/build/macosx-x86_64-normal-server-release/hotspot-spec.gmk
config.status:1119: creating /Users/shelan/projects/uni-projects/virutal-execution/jdk9-hsrt/build/macosx-x86_64-normal-server-release/bootcycle-spec.gmk
config.status:1119: creating /Users/shelan/projects/uni-projects/virutal-execution/jdk9-hsrt/build/macosx-x86_64-normal-server-release/compare.sh
config.status:1119: creating /Users/shelan/projects/uni-projects/virutal-execution/jdk9-hsrt/build/macosx-x86_64-normal-server-release/Makefile

## ---------------- ##
## Cache variables. ##
## ---------------- ##

ac_cv_build=x86_64-apple-darwin14.3.0
ac_cv_c_bigendian=no
ac_cv_c_compiler_gnu=yes
ac_cv_cxx_compiler_gnu=yes
ac_cv_env_ALSA_CFLAGS_set=
ac_cv_env_ALSA_CFLAGS_value=
ac_cv_env_ALSA_LIBS_set=
ac_cv_env_ALSA_LIBS_value=
ac_cv_env_AR_set=
ac_cv_env_AR_value=
ac_cv_env_AS_set=
ac_cv_env_AS_value=
ac_cv_env_AWK_set=
ac_cv_env_AWK_value=
ac_cv_env_BASENAME_set=
ac_cv_env_BASENAME_value=
ac_cv_env_BASH_set=set
ac_cv_env_BASH_value=/bin/bash
ac_cv_env_BUILD_CC_set=
ac_cv_env_BUILD_CC_value=
ac_cv_env_BUILD_CXX_set=
ac_cv_env_BUILD_CXX_value=
ac_cv_env_BUILD_LD_set=
ac_cv_env_BUILD_LD_value=
ac_cv_env_CAT_set=
ac_cv_env_CAT_value=
ac_cv_env_CCACHE_set=
ac_cv_env_CCACHE_value=
ac_cv_env_CCC_set=
ac_cv_env_CCC_value=
ac_cv_env_CC_set=
ac_cv_env_CC_value=
ac_cv_env_CFLAGS_set=
ac_cv_env_CFLAGS_value=
ac_cv_env_CHMOD_set=
ac_cv_env_CHMOD_value=
ac_cv_env_CMP_set=
ac_cv_env_CMP_value=
ac_cv_env_CODESIGN_set=
ac_cv_env_CODESIGN_value=
ac_cv_env_COMM_set=
ac_cv_env_COMM_value=
ac_cv_env_CPIO_set=
ac_cv_env_CPIO_value=
ac_cv_env_CPPFLAGS_set=
ac_cv_env_CPPFLAGS_value=
ac_cv_env_CPP_set=
ac_cv_env_CPP_value=
ac_cv_env_CP_set=
ac_cv_env_CP_value=
ac_cv_env_CUT_set=
ac_cv_env_CUT_value=
ac_cv_env_CXXCPP_set=
ac_cv_env_CXXCPP_value=
ac_cv_env_CXXFLAGS_set=
ac_cv_env_CXXFLAGS_value=
ac_cv_env_CXX_set=
ac_cv_env_CXX_value=
ac_cv_env_CYGPATH_set=
ac_cv_env_CYGPATH_value=
ac_cv_env_DATE_set=
ac_cv_env_DATE_value=
ac_cv_env_DF_set=
ac_cv_env_DF_value=
ac_cv_env_DIFF_set=
ac_cv_env_DIFF_value=
ac_cv_env_DIRNAME_set=
ac_cv_env_DIRNAME_value=
ac_cv_env_DSYMUTIL_set=
ac_cv_env_DSYMUTIL_value=
ac_cv_env_ECHO_set=
ac_cv_env_ECHO_value=
ac_cv_env_EGREP_set=
ac_cv_env_EGREP_value=
ac_cv_env_EXPR_set=
ac_cv_env_EXPR_value=
ac_cv_env_FGREP_set=
ac_cv_env_FGREP_value=
ac_cv_env_FILE_set=
ac_cv_env_FILE_value=
ac_cv_env_FIND_set=
ac_cv_env_FIND_value=
ac_cv_env_FREETYPE_CFLAGS_set=
ac_cv_env_FREETYPE_CFLAGS_value=
ac_cv_env_FREETYPE_LIBS_set=
ac_cv_env_FREETYPE_LIBS_value=
ac_cv_env_GNM_set=
ac_cv_env_GNM_value=
ac_cv_env_GREP_set=
ac_cv_env_GREP_value=
ac_cv_env_HEAD_set=
ac_cv_env_HEAD_value=
ac_cv_env_HG_set=
ac_cv_env_HG_value=
ac_cv_env_JARSIGNER_set=
ac_cv_env_JARSIGNER_value=
ac_cv_env_JAR_set=
ac_cv_env_JAR_value=
ac_cv_env_JAVAC_set=
ac_cv_env_JAVAC_value=
ac_cv_env_JAVAH_set=
ac_cv_env_JAVAH_value=
ac_cv_env_JAVA_set=
ac_cv_env_JAVA_value=
ac_cv_env_JTREGEXE_set=
ac_cv_env_JTREGEXE_value=
ac_cv_env_LCMS_CFLAGS_set=
ac_cv_env_LCMS_CFLAGS_value=
ac_cv_env_LCMS_LIBS_set=
ac_cv_env_LCMS_LIBS_value=
ac_cv_env_LDD_set=
ac_cv_env_LDD_value=
ac_cv_env_LDFLAGS_set=
ac_cv_env_LDFLAGS_value=
ac_cv_env_LIBFFI_CFLAGS_set=
ac_cv_env_LIBFFI_CFLAGS_value=
ac_cv_env_LIBFFI_LIBS_set=
ac_cv_env_LIBFFI_LIBS_value=
ac_cv_env_LIBS_set=
ac_cv_env_LIBS_value=
ac_cv_env_LIPO_set=
ac_cv_env_LIPO_value=
ac_cv_env_LN_set=
ac_cv_env_LN_value=
ac_cv_env_LS_set=
ac_cv_env_LS_value=
ac_cv_env_MCS_set=
ac_cv_env_MCS_value=
ac_cv_env_MKDIR_set=
ac_cv_env_MKDIR_value=
ac_cv_env_MKTEMP_set=
ac_cv_env_MKTEMP_value=
ac_cv_env_MV_set=
ac_cv_env_MV_value=
ac_cv_env_NATIVE2ASCII_set=
ac_cv_env_NATIVE2ASCII_value=
ac_cv_env_NAWK_set=
ac_cv_env_NAWK_value=
ac_cv_env_NM_set=
ac_cv_env_NM_value=
ac_cv_env_OBJCOPY_set=
ac_cv_env_OBJCOPY_value=
ac_cv_env_OBJDUMP_set=
ac_cv_env_OBJDUMP_value=
ac_cv_env_OTOOL_set=
ac_cv_env_OTOOL_value=
ac_cv_env_PKG_CONFIG_set=
ac_cv_env_PKG_CONFIG_value=
ac_cv_env_PNG_CFLAGS_set=
ac_cv_env_PNG_CFLAGS_value=
ac_cv_env_PNG_LIBS_set=
ac_cv_env_PNG_LIBS_value=
ac_cv_env_PRINTF_set=
ac_cv_env_PRINTF_value=
ac_cv_env_READELF_set=
ac_cv_env_READELF_value=
ac_cv_env_READLINK_set=
ac_cv_env_READLINK_value=
ac_cv_env_RM_set=
ac_cv_env_RM_value=
ac_cv_env_SED_set=
ac_cv_env_SED_value=
ac_cv_env_SETFILE_set=
ac_cv_env_SETFILE_value=
ac_cv_env_SH_set=
ac_cv_env_SH_value=
ac_cv_env_SORT_set=
ac_cv_env_SORT_value=
ac_cv_env_STAT_set=
ac_cv_env_STAT_value=
ac_cv_env_STRIP_set=
ac_cv_env_STRIP_value=
ac_cv_env_TAIL_set=
ac_cv_env_TAIL_value=
ac_cv_env_TAR_set=
ac_cv_env_TAR_value=
ac_cv_env_TEE_set=
ac_cv_env_TEE_value=
ac_cv_env_TIME_set=
ac_cv_env_TIME_value=
ac_cv_env_TOUCH_set=
ac_cv_env_TOUCH_value=
ac_cv_env_TR_set=
ac_cv_env_TR_value=
ac_cv_env_UNAME_set=
ac_cv_env_UNAME_value=
ac_cv_env_UNIQ_set=
ac_cv_env_UNIQ_value=
ac_cv_env_UNZIP_set=
ac_cv_env_UNZIP_value=
ac_cv_env_WC_set=
ac_cv_env_WC_value=
ac_cv_env_WHICH_set=
ac_cv_env_WHICH_value=
ac_cv_env_XARGS_set=
ac_cv_env_XARGS_value=
ac_cv_env_XATTR_set=
ac_cv_env_XATTR_value=
ac_cv_env_XMKMF_set=
ac_cv_env_XMKMF_value=
ac_cv_env_ZIP_set=
ac_cv_env_ZIP_value=
ac_cv_env_build_alias_set=
ac_cv_env_build_alias_value=
ac_cv_env_host_alias_set=
ac_cv_env_host_alias_value=
ac_cv_env_target_alias_set=
ac_cv_env_target_alias_value=
ac_cv_header_cups_cups_h=yes
ac_cv_header_cups_ppd_h=yes
ac_cv_header_inttypes_h=yes
ac_cv_header_memory_h=yes
ac_cv_header_stdc=yes
ac_cv_header_stdint_h=yes
ac_cv_header_stdio_h=yes
ac_cv_header_stdlib_h=yes
ac_cv_header_string_h=yes
ac_cv_header_strings_h=yes
ac_cv_header_sys_stat_h=yes
ac_cv_header_sys_types_h=yes
ac_cv_header_unistd_h=yes
ac_cv_host=x86_64-apple-darwin14.3.0
ac_cv_lib_dl_dlopen=yes
ac_cv_lib_m_cos=yes
ac_cv_lib_z_compress=yes
ac_cv_objext=o
ac_cv_path_BASENAME=/usr/bin/basename
ac_cv_path_BASH=/bin/bash
ac_cv_path_CAT=/bin/cat
ac_cv_path_CHECK_MAKE=/usr/bin/make
ac_cv_path_CHMOD=/bin/chmod
ac_cv_path_CMP=/usr/bin/cmp
ac_cv_path_CODESIGN=/usr/bin/codesign
ac_cv_path_COMM=/usr/bin/comm
ac_cv_path_CP=/bin/cp
ac_cv_path_CPIO=/usr/bin/cpio
ac_cv_path_CUT=/usr/bin/cut
ac_cv_path_DATE=/bin/date
ac_cv_path_DF=/bin/df
ac_cv_path_DIFF=/usr/bin/diff
ac_cv_path_DIRNAME=/usr/bin/dirname
ac_cv_path_DSYMUTIL=/usr/bin/dsymutil
ac_cv_path_ECHO=/bin/echo
ac_cv_path_EGREP='/usr/bin/grep -E'
ac_cv_path_EXPR=/bin/expr
ac_cv_path_FGREP='/usr/bin/grep -F'
ac_cv_path_FILE=/usr/bin/file
ac_cv_path_FIND=/usr/bin/find
ac_cv_path_GREP=/usr/bin/grep
ac_cv_path_HEAD=/usr/bin/head
ac_cv_path_HG=/usr/local/bin/hg
ac_cv_path_LIPO=/usr/bin/lipo
ac_cv_path_LN=/bin/ln
ac_cv_path_LS=/bin/ls
ac_cv_path_MKDIR=/bin/mkdir
ac_cv_path_MKTEMP=/usr/bin/mktemp
ac_cv_path_MV=/bin/mv
ac_cv_path_NAWK=/usr/bin/awk
ac_cv_path_OTOOL=/usr/bin/otool
ac_cv_path_POTENTIAL_CC=/usr/bin/clang
ac_cv_path_POTENTIAL_CXX=/usr/bin/clang++
ac_cv_path_PRINTF=/usr/bin/printf
ac_cv_path_READLINK=/usr/bin/readlink
ac_cv_path_RM=/bin/rm
ac_cv_path_SED=/usr/bin/sed
ac_cv_path_SETFILE=/usr/bin/SetFile
ac_cv_path_SH=/bin/sh
ac_cv_path_SORT=/usr/bin/sort
ac_cv_path_STAT=/usr/bin/stat
ac_cv_path_TAIL=/usr/bin/tail
ac_cv_path_TAR=/usr/bin/tar
ac_cv_path_TEE=/usr/bin/tee
ac_cv_path_TIME=/usr/bin/time
ac_cv_path_TOUCH=/usr/bin/touch
ac_cv_path_TR=/usr/bin/tr
ac_cv_path_UNAME=/usr/bin/uname
ac_cv_path_UNIQ=/usr/bin/uniq
ac_cv_path_UNZIP=/usr/bin/unzip
ac_cv_path_WC=/usr/bin/wc
ac_cv_path_WHICH=/usr/bin/which
ac_cv_path_XARGS=/usr/bin/xargs
ac_cv_path_XATTR=/usr/bin/xattr
ac_cv_path_XCODEBUILD=/usr/bin/xcodebuild
ac_cv_path_ZIP=/usr/bin/zip
ac_cv_path_ac_pt_PKG_CONFIG=/usr/local/bin/pkg-config
ac_cv_prog_AWK=awk
ac_cv_prog_BDEPS_FTP=ftp
ac_cv_prog_BDEPS_UNZIP=unzip
ac_cv_prog_CPP='/usr/bin/clang -E'
ac_cv_prog_CXXCPP='/usr/bin/clang++ -E'
ac_cv_prog_PKGHANDLER=pkgutil
ac_cv_prog_ac_ct_AR=ar
ac_cv_prog_ac_ct_NM=nm
ac_cv_prog_ac_ct_STRIP=strip
ac_cv_prog_cc_c89=
ac_cv_prog_cc_g=yes
ac_cv_prog_cxx_g=yes
ac_cv_sizeof_int_p=8
ac_cv_target=x86_64-apple-darwin14.3.0

## ----------------- ##
## Output variables. ##
## ----------------- ##

ADD_SRC_ROOT=''
ALSA_CFLAGS=''
ALSA_LIBS=''
AR='/usr/bin/ar'
ARFLAGS='-r'
AR_OUT_OPTION='rcs$(SPACE)'
AS='/usr/bin/clang -c'
AWK='awk'
BASENAME='/usr/bin/basename'
BASH='/bin/bash'
BASH_ARGS=' -o pipefail -e'
BDEPS_FTP='ftp'
BDEPS_UNZIP='unzip'
BOOT_JDK='/Library/Java/JavaVirtualMachines/jdk1.8.0_40.jdk/Contents/Home'
BOOT_JDK_SOURCETARGET='-source 8 -target 8'
BUILD_CC='/usr/bin/clang'
BUILD_CXX='/usr/bin/clang++'
BUILD_HEADLESS='BUILD_HEADLESS:=true'
BUILD_HOTSPOT='true'
BUILD_LD='/usr/bin/clang'
BUILD_OUTPUT='/Users/shelan/projects/uni-projects/virutal-execution/jdk9-hsrt/build/macosx-x86_64-normal-server-release'
BUILD_VARIANT_RELEASE=''
CACERTS_FILE=''
CANONICAL_TOPDIR='/Users/shelan/projects/uni-projects/virutal-execution/jdk9-hsrt'
CAT='/bin/cat'
CC='/usr/bin/clang'
CCACHE=''
CC_OUT_OPTION='-o$(SPACE)'
CFLAGS=''
CFLAGS_CCACHE=''
CFLAGS_DEBUG_OPTIONS=''
CFLAGS_DEBUG_SYMBOLS='-g'
CFLAGS_JDKEXE=' -D_LP64=1 -D_LITTLE_ENDIAN -DMACOSX -DARCH='\''"x86_64"'\'' -Dx86_64 -DNDEBUG -DRELEASE='\''"$(RELEASE)"'\'' -D_ALLBSD_SOURCE -D_DARWIN_UNLIMITED_SELECT -DMAC_OS_X_VERSION_MAX_ALLOWED=$(subst .,,$(MACOSX_VERSION_MIN)) -mmacosx-version-min=$(MACOSX_VERSION_MIN)       -I/Users/shelan/projects/uni-projects/virutal-execution/jdk9-hsrt/jdk/src/java.base/share/native/include       -I/Users/shelan/projects/uni-projects/virutal-execution/jdk9-hsrt/jdk/src/java.base/macosx/native/include       -I/Users/shelan/projects/uni-projects/virutal-execution/jdk9-hsrt/jdk/src/java.base/unix/native/include  '
CFLAGS_JDKLIB=' -D_LP64=1 -D_LITTLE_ENDIAN -DMACOSX -DARCH='\''"x86_64"'\'' -Dx86_64 -DNDEBUG -DRELEASE='\''"$(RELEASE)"'\'' -D_ALLBSD_SOURCE -D_DARWIN_UNLIMITED_SELECT -DMAC_OS_X_VERSION_MAX_ALLOWED=$(subst .,,$(MACOSX_VERSION_MIN)) -mmacosx-version-min=$(MACOSX_VERSION_MIN)       -I/Users/shelan/projects/uni-projects/virutal-execution/jdk9-hsrt/jdk/src/java.base/share/native/include       -I/Users/shelan/projects/uni-projects/virutal-execution/jdk9-hsrt/jdk/src/java.base/macosx/native/include       -I/Users/shelan/projects/uni-projects/virutal-execution/jdk9-hsrt/jdk/src/java.base/unix/native/include    '
CFLAGS_TESTEXE=' -D_LP64=1 -D_LITTLE_ENDIAN -DMACOSX -DARCH='\''"x86_64"'\'' -Dx86_64 -DNDEBUG -DRELEASE='\''"$(RELEASE)"'\'' -D_ALLBSD_SOURCE -D_DARWIN_UNLIMITED_SELECT -DMAC_OS_X_VERSION_MAX_ALLOWED=$(subst .,,$(MACOSX_VERSION_MIN)) -mmacosx-version-min=$(MACOSX_VERSION_MIN)       -I/Users/shelan/projects/uni-projects/virutal-execution/jdk9-hsrt/jdk/src/java.base/share/native/include       -I/Users/shelan/projects/uni-projects/virutal-execution/jdk9-hsrt/jdk/src/java.base/macosx/native/include       -I/Users/shelan/projects/uni-projects/virutal-execution/jdk9-hsrt/jdk/src/java.base/unix/native/include  '
CFLAGS_TESTLIB=' -D_LP64=1 -D_LITTLE_ENDIAN -DMACOSX -DARCH='\''"x86_64"'\'' -Dx86_64 -DNDEBUG -DRELEASE='\''"$(RELEASE)"'\'' -D_ALLBSD_SOURCE -D_DARWIN_UNLIMITED_SELECT -DMAC_OS_X_VERSION_MAX_ALLOWED=$(subst .,,$(MACOSX_VERSION_MIN)) -mmacosx-version-min=$(MACOSX_VERSION_MIN)       -I/Users/shelan/projects/uni-projects/virutal-execution/jdk9-hsrt/jdk/src/java.base/share/native/include       -I/Users/shelan/projects/uni-projects/virutal-execution/jdk9-hsrt/jdk/src/java.base/macosx/native/include       -I/Users/shelan/projects/uni-projects/virutal-execution/jdk9-hsrt/jdk/src/java.base/unix/native/include    '
CFLAGS_WARNINGS_ARE_ERRORS='-Werror'
CHECK_GMAKE=''
CHECK_MAKE='/usr/bin/make'
CHECK_TOOLSDIR_GMAKE=''
CHECK_TOOLSDIR_MAKE=''
CHMOD='/bin/chmod'
CMP='/usr/bin/cmp'
CODESIGN=''
COMM='/usr/bin/comm'
COMPANY_NAME='N/A'
COMPILER_SUPPORTS_TARGET_BITS_FLAG='true'
COMPILER_TARGET_BITS_FLAG='-m'
COMPILE_TYPE='native'
COMPRESS_JARS='false'
CONFIGURESUPPORT_OUTPUTDIR='/Users/shelan/projects/uni-projects/virutal-execution/jdk9-hsrt/build/macosx-x86_64-normal-server-release/configure-support'
CONFIGURE_COMMAND_LINE=''
CONF_NAME='macosx-x86_64-normal-server-release'
COOKED_BUILD_NUMBER='0'
COPYRIGHT_YEAR='2015'
CORBA_TOPDIR='/Users/shelan/projects/uni-projects/virutal-execution/jdk9-hsrt/corba'
CP='/bin/cp'
CPIO='/usr/bin/cpio'
CPP='/usr/bin/clang -E'
CPPFLAGS=''
CUPS_CFLAGS=''
CUT='/usr/bin/cut'
CXX='/usr/bin/clang++'
CXXCPP='/usr/bin/clang++ -E'
CXXFLAGS=' -I/usr/X11/include/freetype2'
CXXFLAGS_DEBUG_OPTIONS=''
CXXFLAGS_DEBUG_SYMBOLS='-g'
CXXFLAGS_JDKEXE=' -D_LP64=1 -D_LITTLE_ENDIAN -DMACOSX -DARCH='\''"x86_64"'\'' -Dx86_64 -DNDEBUG -DRELEASE='\''"$(RELEASE)"'\'' -D_ALLBSD_SOURCE -D_DARWIN_UNLIMITED_SELECT -DMAC_OS_X_VERSION_MAX_ALLOWED=$(subst .,,$(MACOSX_VERSION_MIN)) -mmacosx-version-min=$(MACOSX_VERSION_MIN)       -I/Users/shelan/projects/uni-projects/virutal-execution/jdk9-hsrt/jdk/src/java.base/share/native/include       -I/Users/shelan/projects/uni-projects/virutal-execution/jdk9-hsrt/jdk/src/java.base/macosx/native/include       -I/Users/shelan/projects/uni-projects/virutal-execution/jdk9-hsrt/jdk/src/java.base/unix/native/include  '
CXXFLAGS_JDKLIB=' -D_LP64=1 -D_LITTLE_ENDIAN -DMACOSX -DARCH='\''"x86_64"'\'' -Dx86_64 -DNDEBUG -DRELEASE='\''"$(RELEASE)"'\'' -D_ALLBSD_SOURCE -D_DARWIN_UNLIMITED_SELECT -DMAC_OS_X_VERSION_MAX_ALLOWED=$(subst .,,$(MACOSX_VERSION_MIN)) -mmacosx-version-min=$(MACOSX_VERSION_MIN)       -I/Users/shelan/projects/uni-projects/virutal-execution/jdk9-hsrt/jdk/src/java.base/share/native/include       -I/Users/shelan/projects/uni-projects/virutal-execution/jdk9-hsrt/jdk/src/java.base/macosx/native/include       -I/Users/shelan/projects/uni-projects/virutal-execution/jdk9-hsrt/jdk/src/java.base/unix/native/include    '
CXXFLAGS_TESTEXE=' -D_LP64=1 -D_LITTLE_ENDIAN -DMACOSX -DARCH='\''"x86_64"'\'' -Dx86_64 -DNDEBUG -DRELEASE='\''"$(RELEASE)"'\'' -D_ALLBSD_SOURCE -D_DARWIN_UNLIMITED_SELECT -DMAC_OS_X_VERSION_MAX_ALLOWED=$(subst .,,$(MACOSX_VERSION_MIN)) -mmacosx-version-min=$(MACOSX_VERSION_MIN)       -I/Users/shelan/projects/uni-projects/virutal-execution/jdk9-hsrt/jdk/src/java.base/share/native/include       -I/Users/shelan/projects/uni-projects/virutal-execution/jdk9-hsrt/jdk/src/java.base/macosx/native/include       -I/Users/shelan/projects/uni-projects/virutal-execution/jdk9-hsrt/jdk/src/java.base/unix/native/include  '
CXXFLAGS_TESTLIB=' -D_LP64=1 -D_LITTLE_ENDIAN -DMACOSX -DARCH='\''"x86_64"'\'' -Dx86_64 -DNDEBUG -DRELEASE='\''"$(RELEASE)"'\'' -D_ALLBSD_SOURCE -D_DARWIN_UNLIMITED_SELECT -DMAC_OS_X_VERSION_MAX_ALLOWED=$(subst .,,$(MACOSX_VERSION_MIN)) -mmacosx-version-min=$(MACOSX_VERSION_MIN)       -I/Users/shelan/projects/uni-projects/virutal-execution/jdk9-hsrt/jdk/src/java.base/share/native/include       -I/Users/shelan/projects/uni-projects/virutal-execution/jdk9-hsrt/jdk/src/java.base/macosx/native/include       -I/Users/shelan/projects/uni-projects/virutal-execution/jdk9-hsrt/jdk/src/java.base/unix/native/include    '
CXX_FLAG_DEPS='-MMD -MF'
CXX_FLAG_REORDER=''
CXX_O_FLAG_DEBUG='-O0'
CXX_O_FLAG_HI='-Os'
CXX_O_FLAG_HIGHEST='-Os'
CXX_O_FLAG_NONE='-O0'
CXX_O_FLAG_NORM='-Os'
CYGPATH=''
CYGWIN_LINK=''
C_FLAG_DEPS='-MMD -MF'
C_FLAG_REORDER=''
C_O_FLAG_DEBUG='-O0'
C_O_FLAG_HI='-Os'
C_O_FLAG_HIGHEST='-Os'
C_O_FLAG_NONE='-O0'
C_O_FLAG_NORM='-Os'
DATE='/bin/date'
DATE_WHEN_CONFIGURED='Sun May  3 23:43:20 WEST 2015'
DEBUG_CLASSFILES='false'
DEBUG_LEVEL='release'
DEFINE_CROSS_COMPILE_ARCH=''
DEFS='-DPACKAGE_NAME=\"OpenJDK\" -DPACKAGE_TARNAME=\"openjdk\" -DPACKAGE_VERSION=\"jdk9\" -DPACKAGE_STRING=\"OpenJDK\ jdk9\" -DPACKAGE_BUGREPORT=\"build-dev@openjdk.java.net\" -DPACKAGE_URL=\"http://openjdk.java.net\" -DSTDC_HEADERS=1 -DHAVE_SYS_TYPES_H=1 -DHAVE_SYS_STAT_H=1 -DHAVE_STDLIB_H=1 -DHAVE_STRING_H=1 -DHAVE_MEMORY_H=1 -DHAVE_STRINGS_H=1 -DHAVE_INTTYPES_H=1 -DHAVE_STDINT_H=1 -DHAVE_UNISTD_H=1 -DHAVE_STDIO_H=1 -DSIZEOF_INT_P=8 -DHAVE_CUPS_CUPS_H=1 -DHAVE_CUPS_PPD_H=1 -DHAVE_LIBM=1 -DHAVE_LIBDL=1'
DF='/bin/df'
DIFF='/usr/bin/diff'
DIRNAME='/usr/bin/dirname'
DISABLE_WARNING_PREFIX='-Wno-'
DSYMUTIL='/usr/bin/dsymutil'
DUMPBIN=''
ECHO='/bin/echo'
ECHO_C=''
ECHO_N='-n'
ECHO_T=''
EGREP='/usr/bin/grep -E'
ENABLE_DEBUG_SYMBOLS='true'
ENABLE_INTREE_EC='yes'
ENABLE_SJAVAC='no'
EXEEXT=''
EXE_OUT_OPTION='-o$(SPACE)'
EXE_SUFFIX=''
EXPR='/bin/expr'
FASTDEBUG='false'
FGREP='/usr/bin/grep -F'
FILE='/usr/bin/file'
FIND='/usr/bin/find'
FIND_DELETE='-delete'
FIXPATH=''
FREETYPE_BUNDLE_LIB_PATH=''
FREETYPE_CFLAGS='-I/usr/X11/include/freetype2'
FREETYPE_LIBS='-L/usr/X11/lib -lfreetype'
GCOV_ENABLED='false'
GNM='/usr/bin/nm'
GREP='/usr/bin/grep'
HEAD='/usr/bin/head'
HG='/usr/local/bin/hg'
HOTSPOT_CXX='/usr/bin/clang++'
HOTSPOT_DIST='/Users/shelan/projects/uni-projects/virutal-execution/jdk9-hsrt/build/macosx-x86_64-normal-server-release/hotspot/dist'
HOTSPOT_LD='/usr/bin/clang'
HOTSPOT_MAKE_ARGS='universal_product'
HOTSPOT_MT=''
HOTSPOT_RC=''
HOTSPOT_TOPDIR='/Users/shelan/projects/uni-projects/virutal-execution/jdk9-hsrt/hotspot'
INCLUDE_SA='true'
IS_GNU_TIME='no'
JAR='/Library/Java/JavaVirtualMachines/jdk1.8.0_40.jdk/Contents/Home/bin/jar'
JARSIGNER='/Library/Java/JavaVirtualMachines/jdk1.8.0_40.jdk/Contents/Home/bin/jarsigner'
JAVA='/Library/Java/JavaVirtualMachines/jdk1.8.0_40.jdk/Contents/Home/bin/java'
JAVAC='/Library/Java/JavaVirtualMachines/jdk1.8.0_40.jdk/Contents/Home/bin/javac'
JAVAC_CHECK=''
JAVAC_FLAGS=''
JAVAH='/Library/Java/JavaVirtualMachines/jdk1.8.0_40.jdk/Contents/Home/bin/javah'
JAVA_CHECK=''
JAVA_FLAGS=' '
JAVA_FLAGS_BIG=' -Xms64M -Xmx1600M -XX:ThreadStackSize=1536'
JAVA_FLAGS_SMALL=' -XX:+UseSerialGC -Xms32M -Xmx512M'
JAVA_TOOL_FLAGS_SMALL=' -J-XX:+UseSerialGC -J-Xms32M -J-Xmx512M'
JAXP_TOPDIR='/Users/shelan/projects/uni-projects/virutal-execution/jdk9-hsrt/jaxp'
JAXWS_TOPDIR='/Users/shelan/projects/uni-projects/virutal-execution/jdk9-hsrt/jaxws'
JDK_BUILD_NUMBER='b00'
JDK_MAJOR_VERSION='1'
JDK_MICRO_VERSION='0'
JDK_MINOR_VERSION='9'
JDK_RC_PLATFORM_NAME='Platform'
JDK_TOPDIR='/Users/shelan/projects/uni-projects/virutal-execution/jdk9-hsrt/jdk'
JDK_UPDATE_VERSION=''
JDK_VARIANT='normal'
JDK_VERSION='1.9.0'
JOBS='4'
JTREGEXE=''
JT_HOME=''
JVM_INTERPRETER='template'
JVM_VARIANTS=',server,'
JVM_VARIANT_CLIENT='false'
JVM_VARIANT_CORE='false'
JVM_VARIANT_KERNEL='false'
JVM_VARIANT_MINIMAL1='false'
JVM_VARIANT_SERVER='true'
JVM_VARIANT_ZERO='false'
JVM_VARIANT_ZEROSHARK='false'
LANGTOOLS_TOPDIR='/Users/shelan/projects/uni-projects/virutal-execution/jdk9-hsrt/langtools'
LAUNCHER_NAME='openjdk'
LCMS_CFLAGS=''
LCMS_LIBS=''
LD='/usr/bin/clang'
LDCXX='/usr/bin/clang++'
LDD='true'
LDFLAGS=''
LDFLAGS_CXX_JDK=''
LDFLAGS_JDKEXE='  -mmacosx-version-min=$(MACOSX_VERSION_MIN)'
LDFLAGS_JDKEXE_SUFFIX=''
LDFLAGS_JDKLIB='  -mmacosx-version-min=$(MACOSX_VERSION_MIN)  -dynamiclib -compatibility_version 1.0.0 -current_version 1.0.0          -L/Users/shelan/projects/uni-projects/virutal-execution/jdk9-hsrt/build/macosx-x86_64-normal-server-release/support/modules_libs/java.base -L/Users/shelan/projects/uni-projects/virutal-execution/jdk9-hsrt/build/macosx-x86_64-normal-server-release/support/modules_libs/java.base/server'
LDFLAGS_JDKLIB_SUFFIX='-ljava -ljvm'
LDFLAGS_TESTEXE='  -mmacosx-version-min=$(MACOSX_VERSION_MIN)'
LDFLAGS_TESTEXE_SUFFIX=''
LDFLAGS_TESTLIB='  -mmacosx-version-min=$(MACOSX_VERSION_MIN)  -dynamiclib -compatibility_version 1.0.0 -current_version 1.0.0          -L/Users/shelan/projects/uni-projects/virutal-execution/jdk9-hsrt/build/macosx-x86_64-normal-server-release/support/modules_libs/java.base -L/Users/shelan/projects/uni-projects/virutal-execution/jdk9-hsrt/build/macosx-x86_64-normal-server-release/support/modules_libs/java.base/server'
LDFLAGS_TESTLIB_SUFFIX='-ljava -ljvm'
LD_OUT_OPTION='-o$(SPACE)'
LEGACY_EXTRA_CFLAGS=' '
LEGACY_EXTRA_CXXFLAGS=' '
LEGACY_EXTRA_LDFLAGS=' '
LIBCXX=''
LIBDL='-ldl '
LIBFFI_CFLAGS=''
LIBFFI_LIBS=''
LIBM=''
LIBOBJS=''
LIBRARY_PREFIX='lib'
LIBS='-lm '
LIBZIP_CAN_USE_MMAP='true'
LIPO='/usr/bin/lipo'
LLVM_CFLAGS=''
LLVM_CONFIG=''
LLVM_LDFLAGS=''
LLVM_LIBS=''
LN='/bin/ln'
LP64='LP64:='
LS='/bin/ls'
LTLIBOBJS=''
MACOSX_BUNDLE_ID_BASE='net.java.openjdk'
MACOSX_BUNDLE_NAME_BASE='OpenJDK'
MACOSX_UNIVERSAL='true'
MACOSX_VERSION_MIN='10.7.0'
MAKE='/usr/bin/make'
MCS=''
MEMORY_SIZE='16384'
MILESTONE='internal'
MKDIR='/bin/mkdir'
MKTEMP='/usr/bin/mktemp'
MSBUILD=''
MSVCP_DLL=''
MSVCR_DLL=''
MT=''
MV='/bin/mv'
NASHORN_TOPDIR='/Users/shelan/projects/uni-projects/virutal-execution/jdk9-hsrt/nashorn'
NATIVE2ASCII='/Library/Java/JavaVirtualMachines/jdk1.8.0_40.jdk/Contents/Home/bin/native2ascii'
NAWK='/usr/bin/awk'
NM='/usr/bin/nm'
NUM_CORES='4'
OBJCOPY=''
OBJDUMP=''
OBJEXT='o'
OBJ_SUFFIX='.o'
OPENJDK_BUILD_AUTOCONF_NAME='x86_64-apple-darwin14.3.0'
OPENJDK_BUILD_CPU='x86_64'
OPENJDK_BUILD_CPU_ARCH='x86'
OPENJDK_BUILD_CPU_BITS='64'
OPENJDK_BUILD_CPU_ENDIAN='little'
OPENJDK_BUILD_OS='macosx'
OPENJDK_BUILD_OS_ENV='macosx'
OPENJDK_BUILD_OS_TYPE='unix'
OPENJDK_TARGET_AUTOCONF_NAME='x86_64-apple-darwin14.3.0'
OPENJDK_TARGET_CPU='x86_64'
OPENJDK_TARGET_CPU_ARCH='x86'
OPENJDK_TARGET_CPU_BITS='64'
OPENJDK_TARGET_CPU_ENDIAN='little'
OPENJDK_TARGET_CPU_ISADIR=''
OPENJDK_TARGET_CPU_JLI_CFLAGS='-DLIBARCHNAME='\''"x86_64"'\'''
OPENJDK_TARGET_CPU_LEGACY='x86_64'
OPENJDK_TARGET_CPU_LEGACY_LIB='amd64'
OPENJDK_TARGET_CPU_LIBDIR=''
OPENJDK_TARGET_CPU_OSARCH='x86_64'
OPENJDK_TARGET_OS='macosx'
OPENJDK_TARGET_OS_ENV='macosx'
OPENJDK_TARGET_OS_EXPORT_DIR='macosx'
OPENJDK_TARGET_OS_TYPE='unix'
ORIGINAL_PATH='/Library/Frameworks/Python.framework/Versions/3.4/bin:/usr/local/bin:/usr/bin:/bin:/usr/sbin:/sbin:/opt/X11/bin:/usr/local/apache-maven-3.2.3/bin:/Users/shelan/software/hadoop-2.4.0//bin:/Users/shelan/software/open-mpi//bin'
ORIGINAL_TOPDIR='/Users/shelan/projects/uni-projects/virutal-execution/jdk9-hsrt'
OS_VERSION_MAJOR='14'
OS_VERSION_MICRO='0'
OS_VERSION_MINOR='3'
OTOOL='/usr/bin/otool'
OUTPUT_ROOT='/Users/shelan/projects/uni-projects/virutal-execution/jdk9-hsrt/build/macosx-x86_64-normal-server-release'
OUTPUT_SYNC=''
OUTPUT_SYNC_SUPPORTED='false'
OVERRIDE_SRC_ROOT=''
PACKAGE_BUGREPORT='build-dev@openjdk.java.net'
PACKAGE_NAME='OpenJDK'
PACKAGE_PATH='/opt/local'
PACKAGE_STRING='OpenJDK jdk9'
PACKAGE_TARNAME='openjdk'
PACKAGE_URL='http://openjdk.java.net'
PACKAGE_VERSION='jdk9'
PATH_SEP=':'
PATH_SEPARATOR=':'
PKGHANDLER='pkgutil'
PKG_CONFIG='/usr/local/bin/pkg-config'
PNG_CFLAGS=''
PNG_LIBS=''
POST_MCS_CMD=''
POST_STRIP_CMD='/usr/bin/strip -S'
POTENTIAL_CC='/usr/bin/clang'
POTENTIAL_CXX='/usr/bin/clang++'
PRINTF='/usr/bin/printf'
PRODUCT_NAME='OpenJDK'
PRODUCT_SUFFIX='Runtime Environment'
PROPER_COMPILER_CC=''
PROPER_COMPILER_CXX=''
RC=''
RC_FLAGS=''
READELF=''
READLINK=''
REQUIRED_OS_NAME='Darwin'
REQUIRED_OS_VERSION='11.2'
RM='/bin/rm -f'
RMICONNECTOR_IIOP='false'
SALIB_NAME='libsaproc.dylib'
SDKROOT=''
SED='/usr/bin/sed'
SETFILE='/usr/bin/SetFile'
SET_EXECUTABLE_ORIGIN='-Xlinker -rpath -Xlinker @loader_path/.'
SET_OPENJDK='OPENJDK=true'
SET_SHARED_LIBRARY_MAPFILE=''
SET_SHARED_LIBRARY_NAME='-Xlinker -install_name -Xlinker @rpath/$1'
SET_SHARED_LIBRARY_ORIGIN='-Xlinker -rpath -Xlinker @loader_path/.'
SH='/bin/sh'
SHARED_LIBRARY='lib$1.dylib'
SHARED_LIBRARY_FLAGS='-dynamiclib -compatibility_version 1.0.0 -current_version 1.0.0 '
SHARED_LIBRARY_SUFFIX='.dylib'
SHELL='/bin/bash'
SJAVAC_SERVER_JAVA='/Library/Java/JavaVirtualMachines/jdk1.8.0_40.jdk/Contents/Home/bin/java'
SJAVAC_SERVER_JAVA_FLAGS=' -d64 -Xms512M -Xmx2048M'
SORT='/usr/bin/sort'
SPEC='/Users/shelan/projects/uni-projects/virutal-execution/jdk9-hsrt/build/macosx-x86_64-normal-server-release/spec.gmk'
STAT='/usr/bin/stat'
STATIC_CXX_SETTING=''
STATIC_LIBRARY='lib$1.a'
STATIC_LIBRARY_SUFFIX='.a'
STRIP='/usr/bin/strip'
SUPPORT_HEADFUL='yes'
SUPPORT_HEADLESS='yes'
SYSROOT_CFLAGS=' -F"/System/Library/Frameworks/JavaVM.framework/Frameworks"'
SYSROOT_LDFLAGS=' -F"/System/Library/Frameworks/JavaVM.framework/Frameworks"'
TAIL='/usr/bin/tail'
TAR='/usr/bin/tar'
TEE='/usr/bin/tee'
TEST_IN_BUILD='false'
TIME='/usr/bin/time'
TOOLCHAIN_PATH_CC=''
TOOLCHAIN_PATH_CXX=''
TOOLCHAIN_TYPE='clang'
TOPDIR='/Users/shelan/projects/uni-projects/virutal-execution/jdk9-hsrt'
TOUCH='/usr/bin/touch'
TR='/usr/bin/tr'
UNAME='/usr/bin/uname'
UNIQ='/usr/bin/uniq'
UNLIMITED_CRYPTO='false'
UNZIP='/usr/bin/unzip'
USER_RELEASE_SUFFIX='shelan_2015_05_03_23_43'
USE_CLANG='true'
USE_EXTERNAL_LCMS='false'
USE_EXTERNAL_LIBGIF='false'
USE_EXTERNAL_LIBJPEG='false'
USE_EXTERNAL_LIBPNG='false'
USE_EXTERNAL_LIBZ='true'
USE_PRECOMPILED_HEADER='1'
USING_BROKEN_SUSE_LD='no'
VARIANT='OPT'
VS_INCLUDE=''
VS_LIB=''
VS_PATH=''
WC='/usr/bin/wc'
WHICH='/usr/bin/which'
XARGS='/usr/bin/xargs'
XATTR='/usr/bin/xattr'
XCODEBUILD='/usr/bin/xcodebuild'
XMKMF=''
X_CFLAGS=''
X_EXTRA_LIBS=''
X_LIBS=''
X_PRE_LIBS=''
ZERO_ARCHDEF='AMD64'
ZERO_ARCHFLAG='-m64'
ZIP='/usr/bin/zip'
ZIP_DEBUGINFO_FILES='true'
ac_ct_AR='ar'
ac_ct_CC=''
ac_ct_CXX=''
ac_ct_NM='nm'
ac_ct_OBJCOPY=''
ac_ct_OBJDUMP=''
ac_ct_PROPER_COMPILER_CC=''
ac_ct_PROPER_COMPILER_CXX=''
ac_ct_STRIP='strip'
bindir='${exec_prefix}/bin'
build='x86_64-apple-darwin14.3.0'
build_alias=''
build_cpu='x86_64'
build_os='darwin14.3.0'
build_vendor='apple'
datadir='${datarootdir}'
datarootdir='${prefix}/share'
docdir='${datarootdir}/doc/${PACKAGE_TARNAME}'
dvidir='${docdir}'
exec_prefix='${prefix}'
host='x86_64-apple-darwin14.3.0'
host_alias=''
host_cpu='x86_64'
host_os='darwin14.3.0'
host_vendor='apple'
htmldir='${docdir}'
includedir='${prefix}/include'
infodir='${datarootdir}/info'
libdir='${exec_prefix}/lib'
libexecdir='${exec_prefix}/libexec'
localedir='${datarootdir}/locale'
localstatedir='${prefix}/var'
mandir='${datarootdir}/man'
oldincludedir='/usr/include'
pdfdir='${docdir}'
prefix='/usr/local'
program_transform_name='s,x,x,'
psdir='${docdir}'
sbindir='${exec_prefix}/sbin'
sharedstatedir='${prefix}/com'
sysconfdir='${prefix}/etc'
target='x86_64-apple-darwin14.3.0'
target_alias=''
target_cpu='x86_64'
target_os='darwin14.3.0'
target_vendor='apple'

## ----------- ##
## confdefs.h. ##
## ----------- ##

/* confdefs.h */
#define PACKAGE_NAME "OpenJDK"
#define PACKAGE_TARNAME "openjdk"
#define PACKAGE_VERSION "jdk9"
#define PACKAGE_STRING "OpenJDK jdk9"
#define PACKAGE_BUGREPORT "build-dev@openjdk.java.net"
#define PACKAGE_URL "http://openjdk.java.net"
#define STDC_HEADERS 1
#define HAVE_SYS_TYPES_H 1
#define HAVE_SYS_STAT_H 1
#define HAVE_STDLIB_H 1
#define HAVE_STRING_H 1
#define HAVE_MEMORY_H 1
#define HAVE_STRINGS_H 1
#define HAVE_INTTYPES_H 1
#define HAVE_STDINT_H 1
#define HAVE_UNISTD_H 1
#define HAVE_STDIO_H 1
#define SIZEOF_INT_P 8
#define HAVE_CUPS_CUPS_H 1
#define HAVE_CUPS_PPD_H 1
#define HAVE_LIBM 1
#define HAVE_LIBDL 1

configure: exit 0
